<?xml version="1.0" encoding="UTF-8"?>
<coverage generated="1757196319916" clover="3.2.0">
  <project timestamp="1757196319916" name="All files">
    <metrics statements="113" coveredstatements="96" conditionals="106" coveredconditionals="90" methods="15" coveredmethods="15" elements="234" coveredelements="201" complexity="0" loc="113" ncloc="113" packages="1" files="1" classes="1"/>
    <file name="formDataUtils.ts" path="/home/runner/work/Sallie-AI/Sallie-AI/utils/formDataUtils.ts">
      <metrics statements="113" coveredstatements="96" conditionals="106" coveredconditionals="90" methods="15" coveredmethods="15"/>
      <line num="27" count="1" type="stmt"/>
      <line num="38" count="1" type="stmt"/>
      <line num="39" count="16" type="cond" truecount="5" falsecount="0"/>
      <line num="48" count="1" type="stmt"/>
      <line num="49" count="11" type="cond" truecount="2" falsecount="0"/>
      <line num="50" count="4" type="stmt"/>
      <line num="52" count="7" type="cond" truecount="2" falsecount="0"/>
      <line num="53" count="2" type="stmt"/>
      <line num="55" count="5" type="cond" truecount="4" falsecount="0"/>
      <line num="56" count="3" type="stmt"/>
      <line num="57" count="3" type="cond" truecount="1" falsecount="1"/>
      <line num="58" count="3" type="stmt"/>
      <line num="62" count="2" type="stmt"/>
      <line num="69" count="6" type="cond" truecount="4" falsecount="0"/>
      <line num="70" count="5" type="cond" truecount="5" falsecount="0"/>
      <line num="71" count="1" type="stmt"/>
      <line num="73" count="4" type="cond" truecount="5" falsecount="0"/>
      <line num="74" count="1" type="stmt"/>
      <line num="76" count="3" type="cond" truecount="5" falsecount="0"/>
      <line num="77" count="1" type="stmt"/>
      <line num="79" count="2" type="cond" truecount="5" falsecount="0"/>
      <line num="80" count="1" type="stmt"/>
      <line num="83" count="2" type="stmt"/>
      <line num="90" count="23" type="cond" truecount="4" falsecount="1"/>
      <line num="92" count="8" type="stmt"/>
      <line num="94" count="11" type="stmt"/>
      <line num="96" count="3" type="stmt"/>
      <line num="98" count="0" type="stmt"/>
      <line num="100" count="1" type="stmt"/>
      <line num="108" count="29" type="cond" truecount="3" falsecount="0"/>
      <line num="110" count="18" type="cond" truecount="4" falsecount="0"/>
      <line num="111" count="1" type="stmt"/>
      <line num="113" count="18" type="stmt"/>
      <line num="115" count="7" type="stmt"/>
      <line num="117" count="4" type="stmt"/>
      <line num="130" count="86" type="cond" truecount="2" falsecount="0"/>
      <line num="131" count="1" type="stmt"/>
      <line num="134" count="85" type="cond" truecount="2" falsecount="0"/>
      <line num="135" count="2" type="stmt"/>
      <line num="139" count="83" type="cond" truecount="5" falsecount="0"/>
      <line num="140" count="42" type="stmt"/>
      <line num="141" count="42" type="stmt"/>
      <line num="145" count="41" type="cond" truecount="1" falsecount="1"/>
      <line num="146" count="0" type="cond" truecount="0" falsecount="2"/>
      <line num="147" count="0" type="stmt"/>
      <line num="148" count="0" type="stmt"/>
      <line num="151" count="41" type="cond" truecount="3" falsecount="1"/>
      <line num="152" count="0" type="cond" truecount="0" falsecount="2"/>
      <line num="153" count="0" type="stmt"/>
      <line num="154" count="0" type="stmt"/>
      <line num="158" count="41" type="cond" truecount="2" falsecount="0"/>
      <line num="159" count="16" type="cond" truecount="2" falsecount="0"/>
      <line num="161" count="10" type="stmt"/>
      <line num="162" count="4" type="stmt"/>
      <line num="165" count="4" type="cond" truecount="4" falsecount="0"/>
      <line num="166" count="1" type="stmt"/>
      <line num="169" count="4" type="cond" truecount="1" falsecount="1"/>
      <line num="170" count="4" type="stmt"/>
      <line num="174" count="12" type="stmt"/>
      <line num="176" count="23" type="stmt"/>
      <line num="177" count="23" type="stmt"/>
      <line num="180" count="12" type="stmt"/>
      <line num="184" count="25" type="cond" truecount="4" falsecount="0"/>
      <line num="185" count="23" type="stmt"/>
      <line num="187" count="29" type="stmt"/>
      <line num="188" count="29" type="stmt"/>
      <line num="191" count="22" type="stmt"/>
      <line num="194" count="2" type="stmt"/>
      <line num="206" count="5" type="stmt"/>
      <line num="208" count="5" type="stmt"/>
      <line num="210" count="8" type="stmt"/>
      <line num="214" count="5" type="stmt"/>
      <line num="224" count="1" type="stmt"/>
      <line num="229" count="1" type="stmt"/>
      <line num="239" count="1" type="stmt"/>
      <line num="244" count="1" type="stmt"/>
      <line num="250" count="1" type="stmt"/>
      <line num="296" count="1" type="stmt"/>
      <line num="297" count="1" type="stmt"/>
      <line num="298" count="1" type="stmt"/>
      <line num="299" count="1" type="stmt"/>
      <line num="301" count="0" type="stmt"/>
      <line num="310" count="1" type="stmt"/>
      <line num="312" count="1" type="stmt"/>
      <line num="314" count="5" type="cond" truecount="2" falsecount="0"/>
      <line num="315" count="2" type="stmt"/>
      <line num="316" count="2" type="cond" truecount="2" falsecount="0"/>
      <line num="317" count="1" type="stmt"/>
      <line num="319" count="2" type="stmt"/>
      <line num="322" count="3" type="cond" truecount="4" falsecount="0"/>
      <line num="323" count="2" type="stmt"/>
      <line num="324" count="2" type="stmt"/>
      <line num="326" count="2" type="stmt"/>
      <line num="327" count="2" type="stmt"/>
      <line num="328" count="2" type="cond" truecount="2" falsecount="0"/>
      <line num="330" count="1" type="stmt"/>
      <line num="331" count="1" type="cond" truecount="1" falsecount="1"/>
      <line num="333" count="2" type="stmt"/>
      <line num="336" count="2" type="stmt"/>
      <line num="337" count="2" type="cond" truecount="1" falsecount="1"/>
      <line num="338" count="0" type="stmt"/>
      <line num="340" count="2" type="stmt"/>
      <line num="342" count="1" type="cond" truecount="1" falsecount="1"/>
      <line num="344" count="0" type="stmt"/>
      <line num="345" count="0" type="stmt"/>
      <line num="347" count="0" type="stmt"/>
      <line num="348" count="0" type="stmt"/>
      <line num="349" count="0" type="cond" truecount="0" falsecount="2"/>
      <line num="350" count="0" type="stmt"/>
      <line num="352" count="0" type="stmt"/>
      <line num="355" count="0" type="stmt"/>
      <line num="358" count="1" type="stmt"/>
      <line num="362" count="1" type="stmt"/>
    </file>
  </project>
</coverage>
