{"/home/runner/work/Sallie-AI/Sallie-AI/utils/formDataUtils.ts": {"path":"/home/runner/work/Sallie-AI/Sallie-AI/utils/formDataUtils.ts","statementMap":{"0":{"start":{"line":27,"column":64},"end":{"line":33,"column":1}},"1":{"start":{"line":38,"column":28},"end":{"line":43,"column":1}},"2":{"start":{"line":39,"column":2},"end":{"line":42,"column":30}},"3":{"start":{"line":48,"column":34},"end":{"line":63,"column":1}},"4":{"start":{"line":49,"column":2},"end":{"line":51,"column":3}},"5":{"start":{"line":50,"column":4},"end":{"line":50,"column":16}},"6":{"start":{"line":52,"column":2},"end":{"line":54,"column":3}},"7":{"start":{"line":53,"column":4},"end":{"line":53,"column":42}},"8":{"start":{"line":55,"column":2},"end":{"line":61,"column":3}},"9":{"start":{"line":56,"column":4},"end":{"line":60,"column":5}},"10":{"start":{"line":57,"column":6},"end":{"line":59,"column":7}},"11":{"start":{"line":58,"column":8},"end":{"line":58,"column":20}},"12":{"start":{"line":62,"column":2},"end":{"line":62,"column":15}},"13":{"start":{"line":69,"column":2},"end":{"line":82,"column":3}},"14":{"start":{"line":70,"column":4},"end":{"line":72,"column":5}},"15":{"start":{"line":71,"column":6},"end":{"line":71,"column":45}},"16":{"start":{"line":73,"column":4},"end":{"line":75,"column":5}},"17":{"start":{"line":74,"column":6},"end":{"line":74,"column":44}},"18":{"start":{"line":76,"column":4},"end":{"line":78,"column":5}},"19":{"start":{"line":77,"column":6},"end":{"line":77,"column":49}},"20":{"start":{"line":79,"column":4},"end":{"line":81,"column":5}},"21":{"start":{"line":80,"column":6},"end":{"line":80,"column":45}},"22":{"start":{"line":83,"column":2},"end":{"line":83,"column":19}},"23":{"start":{"line":90,"column":2},"end":{"line":101,"column":3}},"24":{"start":{"line":92,"column":6},"end":{"line":92,"column":36}},"25":{"start":{"line":94,"column":6},"end":{"line":94,"column":28}},"26":{"start":{"line":96,"column":6},"end":{"line":96,"column":21}},"27":{"start":{"line":98,"column":6},"end":{"line":98,"column":21}},"28":{"start":{"line":100,"column":6},"end":{"line":100,"column":28}},"29":{"start":{"line":108,"column":2},"end":{"line":118,"column":3}},"30":{"start":{"line":110,"column":6},"end":{"line":112,"column":7}},"31":{"start":{"line":111,"column":8},"end":{"line":111,"column":58}},"32":{"start":{"line":113,"column":6},"end":{"line":113,"column":43}},"33":{"start":{"line":115,"column":6},"end":{"line":115,"column":42}},"34":{"start":{"line":117,"column":6},"end":{"line":117,"column":43}},"35":{"start":{"line":130,"column":2},"end":{"line":132,"column":3}},"36":{"start":{"line":131,"column":4},"end":{"line":131,"column":11}},"37":{"start":{"line":134,"column":2},"end":{"line":136,"column":3}},"38":{"start":{"line":135,"column":4},"end":{"line":135,"column":112}},"39":{"start":{"line":139,"column":2},"end":{"line":142,"column":3}},"40":{"start":{"line":140,"column":4},"end":{"line":140,"column":36}},"41":{"start":{"line":141,"column":4},"end":{"line":141,"column":11}},"42":{"start":{"line":145,"column":2},"end":{"line":149,"column":3}},"43":{"start":{"line":146,"column":21},"end":{"line":146,"column":53}},"44":{"start":{"line":147,"column":4},"end":{"line":147,"column":51}},"45":{"start":{"line":148,"column":4},"end":{"line":148,"column":11}},"46":{"start":{"line":151,"column":2},"end":{"line":155,"column":3}},"47":{"start":{"line":152,"column":21},"end":{"line":152,"column":53}},"48":{"start":{"line":153,"column":4},"end":{"line":153,"column":38}},"49":{"start":{"line":154,"column":4},"end":{"line":154,"column":11}},"50":{"start":{"line":158,"column":2},"end":{"line":181,"column":3}},"51":{"start":{"line":159,"column":4},"end":{"line":171,"column":5}},"52":{"start":{"line":161,"column":27},"end":{"line":161,"column":52}},"53":{"start":{"line":161,"column":42},"end":{"line":161,"column":51}},"54":{"start":{"line":162,"column":21},"end":{"line":162,"column":24}},"55":{"start":{"line":165,"column":6},"end":{"line":167,"column":7}},"56":{"start":{"line":166,"column":8},"end":{"line":166,"column":30}},"57":{"start":{"line":169,"column":6},"end":{"line":169,"column":77}},"58":{"start":{"line":170,"column":6},"end":{"line":170,"column":13}},"59":{"start":{"line":174,"column":4},"end":{"line":179,"column":6}},"60":{"start":{"line":176,"column":25},"end":{"line":176,"column":59}},"61":{"start":{"line":177,"column":8},"end":{"line":177,"column":58}},"62":{"start":{"line":180,"column":4},"end":{"line":180,"column":11}},"63":{"start":{"line":184,"column":2},"end":{"line":192,"column":3}},"64":{"start":{"line":185,"column":4},"end":{"line":190,"column":6}},"65":{"start":{"line":187,"column":26},"end":{"line":187,"column":60}},"66":{"start":{"line":188,"column":8},"end":{"line":188,"column":58}},"67":{"start":{"line":191,"column":4},"end":{"line":191,"column":11}},"68":{"start":{"line":194,"column":2},"end":{"line":196,"column":4}},"69":{"start":{"line":206,"column":15},"end":{"line":206,"column":29}},"70":{"start":{"line":208,"column":2},"end":{"line":212,"column":4}},"71":{"start":{"line":210,"column":6},"end":{"line":210,"column":44}},"72":{"start":{"line":214,"column":2},"end":{"line":214,"column":14}},"73":{"start":{"line":224,"column":37},"end":{"line":227,"column":3}},"74":{"start":{"line":229,"column":2},"end":{"line":229,"column":34}},"75":{"start":{"line":239,"column":37},"end":{"line":242,"column":3}},"76":{"start":{"line":244,"column":2},"end":{"line":244,"column":34}},"77":{"start":{"line":250,"column":37},"end":{"line":290,"column":10}},"78":{"start":{"line":296,"column":2},"end":{"line":302,"column":3}},"79":{"start":{"line":297,"column":21},"end":{"line":297,"column":35}},"80":{"start":{"line":298,"column":4},"end":{"line":298,"column":37}},"81":{"start":{"line":299,"column":4},"end":{"line":299,"column":44}},"82":{"start":{"line":301,"column":4},"end":{"line":301,"column":17}},"83":{"start":{"line":310,"column":38},"end":{"line":310,"column":40}},"84":{"start":{"line":312,"column":2},"end":{"line":360,"column":3}},"85":{"start":{"line":314,"column":4},"end":{"line":359,"column":5}},"86":{"start":{"line":315,"column":22},"end":{"line":315,"column":38}},"87":{"start":{"line":316,"column":6},"end":{"line":318,"column":7}},"88":{"start":{"line":317,"column":8},"end":{"line":317,"column":29}},"89":{"start":{"line":319,"column":6},"end":{"line":319,"column":34}},"90":{"start":{"line":322,"column":9},"end":{"line":359,"column":5}},"91":{"start":{"line":323,"column":20},"end":{"line":323,"column":56}},"92":{"start":{"line":324,"column":20},"end":{"line":324,"column":26}},"93":{"start":{"line":326,"column":6},"end":{"line":334,"column":7}},"94":{"start":{"line":326,"column":19},"end":{"line":326,"column":20}},"95":{"start":{"line":327,"column":21},"end":{"line":327,"column":29}},"96":{"start":{"line":328,"column":8},"end":{"line":332,"column":9}},"97":{"start":{"line":330,"column":27},"end":{"line":330,"column":39}},"98":{"start":{"line":331,"column":10},"end":{"line":331,"column":59}},"99":{"start":{"line":333,"column":8},"end":{"line":333,"column":32}},"100":{"start":{"line":336,"column":23},"end":{"line":336,"column":46}},"101":{"start":{"line":337,"column":6},"end":{"line":341,"column":7}},"102":{"start":{"line":338,"column":8},"end":{"line":338,"column":44}},"103":{"start":{"line":340,"column":8},"end":{"line":340,"column":34}},"104":{"start":{"line":342,"column":11},"end":{"line":359,"column":5}},"105":{"start":{"line":344,"column":20},"end":{"line":344,"column":34}},"106":{"start":{"line":345,"column":20},"end":{"line":345,"column":26}},"107":{"start":{"line":347,"column":6},"end":{"line":353,"column":7}},"108":{"start":{"line":347,"column":19},"end":{"line":347,"column":20}},"109":{"start":{"line":348,"column":21},"end":{"line":348,"column":29}},"110":{"start":{"line":349,"column":8},"end":{"line":351,"column":9}},"111":{"start":{"line":350,"column":10},"end":{"line":350,"column":29}},"112":{"start":{"line":352,"column":8},"end":{"line":352,"column":32}},"113":{"start":{"line":355,"column":6},"end":{"line":355,"column":47}},"114":{"start":{"line":358,"column":6},"end":{"line":358,"column":26}},"115":{"start":{"line":362,"column":2},"end":{"line":362,"column":16}}},"fnMap":{"0":{"name":"(anonymous_0)","decl":{"start":{"line":38,"column":28},"end":{"line":38,"column":29}},"loc":{"start":{"line":38,"column":77},"end":{"line":43,"column":1}},"line":38},"1":{"name":"(anonymous_1)","decl":{"start":{"line":48,"column":34},"end":{"line":48,"column":35}},"loc":{"start":{"line":48,"column":59},"end":{"line":63,"column":1}},"line":48},"2":{"name":"getName","decl":{"start":{"line":68,"column":16},"end":{"line":68,"column":23}},"loc":{"start":{"line":68,"column":56},"end":{"line":84,"column":1}},"line":68},"3":{"name":"formatArrayKey","decl":{"start":{"line":89,"column":9},"end":{"line":89,"column":23}},"loc":{"start":{"line":89,"column":92},"end":{"line":102,"column":1}},"line":89},"4":{"name":"formatObjectKey","decl":{"start":{"line":107,"column":9},"end":{"line":107,"column":24}},"loc":{"start":{"line":107,"column":100},"end":{"line":119,"column":1}},"line":107},"5":{"name":"addFormValue","decl":{"start":{"line":124,"column":22},"end":{"line":124,"column":34}},"loc":{"start":{"line":129,"column":17},"end":{"line":197,"column":1}},"line":129},"6":{"name":"(anonymous_6)","decl":{"start":{"line":161,"column":37},"end":{"line":161,"column":38}},"loc":{"start":{"line":161,"column":42},"end":{"line":161,"column":51}},"line":161},"7":{"name":"(anonymous_7)","decl":{"start":{"line":175,"column":16},"end":{"line":175,"column":17}},"loc":{"start":{"line":175,"column":40},"end":{"line":178,"column":7}},"line":175},"8":{"name":"(anonymous_8)","decl":{"start":{"line":186,"column":32},"end":{"line":186,"column":33}},"loc":{"start":{"line":186,"column":56},"end":{"line":189,"column":7}},"line":186},"9":{"name":"createForm","decl":{"start":{"line":202,"column":22},"end":{"line":202,"column":32}},"loc":{"start":{"line":205,"column":21},"end":{"line":215,"column":1}},"line":205},"10":{"name":"(anonymous_10)","decl":{"start":{"line":209,"column":35},"end":{"line":209,"column":36}},"loc":{"start":{"line":210,"column":6},"end":{"line":210,"column":44}},"line":210},"11":{"name":"createFormWithArrayFormat","decl":{"start":{"line":220,"column":22},"end":{"line":220,"column":47}},"loc":{"start":{"line":223,"column":21},"end":{"line":230,"column":1}},"line":223},"12":{"name":"createFormWithObjectFormat","decl":{"start":{"line":235,"column":22},"end":{"line":235,"column":48}},"loc":{"start":{"line":238,"column":21},"end":{"line":245,"column":1}},"line":238},"13":{"name":"checkFormDataSupport","decl":{"start":{"line":295,"column":16},"end":{"line":295,"column":36}},"loc":{"start":{"line":295,"column":48},"end":{"line":303,"column":1}},"line":295},"14":{"name":"parseFormData","decl":{"start":{"line":309,"column":16},"end":{"line":309,"column":29}},"loc":{"start":{"line":309,"column":71},"end":{"line":363,"column":1}},"line":309}},"branchMap":{"0":{"loc":{"start":{"line":39,"column":9},"end":{"line":42,"column":29}},"type":"binary-expr","locations":[{"start":{"line":39,"column":9},"end":{"line":39,"column":23}},{"start":{"line":40,"column":5},"end":{"line":40,"column":30}},{"start":{"line":41,"column":6},"end":{"line":41,"column":31}},{"start":{"line":41,"column":35},"end":{"line":41,"column":69}},{"start":{"line":42,"column":6},"end":{"line":42,"column":27}}],"line":39},"1":{"loc":{"start":{"line":49,"column":2},"end":{"line":51,"column":3}},"type":"if","locations":[{"start":{"line":49,"column":2},"end":{"line":51,"column":3}},{"start":{},"end":{}}],"line":49},"2":{"loc":{"start":{"line":52,"column":2},"end":{"line":54,"column":3}},"type":"if","locations":[{"start":{"line":52,"column":2},"end":{"line":54,"column":3}},{"start":{},"end":{}}],"line":52},"3":{"loc":{"start":{"line":55,"column":2},"end":{"line":61,"column":3}},"type":"if","locations":[{"start":{"line":55,"column":2},"end":{"line":61,"column":3}},{"start":{},"end":{}}],"line":55},"4":{"loc":{"start":{"line":55,"column":6},"end":{"line":55,"column":40}},"type":"binary-expr","locations":[{"start":{"line":55,"column":6},"end":{"line":55,"column":11}},{"start":{"line":55,"column":15},"end":{"line":55,"column":40}}],"line":55},"5":{"loc":{"start":{"line":57,"column":6},"end":{"line":59,"column":7}},"type":"if","locations":[{"start":{"line":57,"column":6},"end":{"line":59,"column":7}},{"start":{},"end":{}}],"line":57},"6":{"loc":{"start":{"line":69,"column":2},"end":{"line":82,"column":3}},"type":"if","locations":[{"start":{"line":69,"column":2},"end":{"line":82,"column":3}},{"start":{},"end":{}}],"line":69},"7":{"loc":{"start":{"line":69,"column":6},"end":{"line":69,"column":49}},"type":"binary-expr","locations":[{"start":{"line":69,"column":6},"end":{"line":69,"column":31}},{"start":{"line":69,"column":35},"end":{"line":69,"column":49}}],"line":69},"8":{"loc":{"start":{"line":70,"column":4},"end":{"line":72,"column":5}},"type":"if","locations":[{"start":{"line":70,"column":4},"end":{"line":72,"column":5}},{"start":{},"end":{}}],"line":70},"9":{"loc":{"start":{"line":70,"column":8},"end":{"line":70,"column":71}},"type":"binary-expr","locations":[{"start":{"line":70,"column":8},"end":{"line":70,"column":23}},{"start":{"line":70,"column":27},"end":{"line":70,"column":37}},{"start":{"line":70,"column":41},"end":{"line":70,"column":71}}],"line":70},"10":{"loc":{"start":{"line":73,"column":4},"end":{"line":75,"column":5}},"type":"if","locations":[{"start":{"line":73,"column":4},"end":{"line":75,"column":5}},{"start":{},"end":{}}],"line":73},"11":{"loc":{"start":{"line":73,"column":8},"end":{"line":73,"column":68}},"type":"binary-expr","locations":[{"start":{"line":73,"column":8},"end":{"line":73,"column":22}},{"start":{"line":73,"column":26},"end":{"line":73,"column":35}},{"start":{"line":73,"column":39},"end":{"line":73,"column":68}}],"line":73},"12":{"loc":{"start":{"line":76,"column":4},"end":{"line":78,"column":5}},"type":"if","locations":[{"start":{"line":76,"column":4},"end":{"line":78,"column":5}},{"start":{},"end":{}}],"line":76},"13":{"loc":{"start":{"line":76,"column":8},"end":{"line":76,"column":83}},"type":"binary-expr","locations":[{"start":{"line":76,"column":8},"end":{"line":76,"column":27}},{"start":{"line":76,"column":31},"end":{"line":76,"column":45}},{"start":{"line":76,"column":49},"end":{"line":76,"column":83}}],"line":76},"14":{"loc":{"start":{"line":79,"column":4},"end":{"line":81,"column":5}},"type":"if","locations":[{"start":{"line":79,"column":4},"end":{"line":81,"column":5}},{"start":{},"end":{}}],"line":79},"15":{"loc":{"start":{"line":79,"column":8},"end":{"line":79,"column":71}},"type":"binary-expr","locations":[{"start":{"line":79,"column":8},"end":{"line":79,"column":23}},{"start":{"line":79,"column":27},"end":{"line":79,"column":37}},{"start":{"line":79,"column":41},"end":{"line":79,"column":71}}],"line":79},"16":{"loc":{"start":{"line":90,"column":2},"end":{"line":101,"column":3}},"type":"switch","locations":[{"start":{"line":91,"column":4},"end":{"line":92,"column":36}},{"start":{"line":93,"column":4},"end":{"line":94,"column":28}},{"start":{"line":95,"column":4},"end":{"line":96,"column":21}},{"start":{"line":97,"column":4},"end":{"line":98,"column":21}},{"start":{"line":99,"column":4},"end":{"line":100,"column":28}}],"line":90},"17":{"loc":{"start":{"line":108,"column":2},"end":{"line":118,"column":3}},"type":"switch","locations":[{"start":{"line":109,"column":4},"end":{"line":113,"column":43}},{"start":{"line":114,"column":4},"end":{"line":115,"column":42}},{"start":{"line":116,"column":4},"end":{"line":117,"column":43}}],"line":108},"18":{"loc":{"start":{"line":110,"column":6},"end":{"line":112,"column":7}},"type":"if","locations":[{"start":{"line":110,"column":6},"end":{"line":112,"column":7}},{"start":{},"end":{}}],"line":110},"19":{"loc":{"start":{"line":110,"column":10},"end":{"line":110,"column":62}},"type":"binary-expr","locations":[{"start":{"line":110,"column":10},"end":{"line":110,"column":32}},{"start":{"line":110,"column":36},"end":{"line":110,"column":62}}],"line":110},"20":{"loc":{"start":{"line":128,"column":2},"end":{"line":128,"column":59}},"type":"default-arg","locations":[{"start":{"line":128,"column":31},"end":{"line":128,"column":59}}],"line":128},"21":{"loc":{"start":{"line":130,"column":2},"end":{"line":132,"column":3}},"type":"if","locations":[{"start":{"line":130,"column":2},"end":{"line":132,"column":3}},{"start":{},"end":{}}],"line":130},"22":{"loc":{"start":{"line":134,"column":2},"end":{"line":136,"column":3}},"type":"if","locations":[{"start":{"line":134,"column":2},"end":{"line":136,"column":3}},{"start":{},"end":{}}],"line":134},"23":{"loc":{"start":{"line":139,"column":2},"end":{"line":142,"column":3}},"type":"if","locations":[{"start":{"line":139,"column":2},"end":{"line":142,"column":3}},{"start":{},"end":{}}],"line":139},"24":{"loc":{"start":{"line":139,"column":6},"end":{"line":139,"column":90}},"type":"binary-expr","locations":[{"start":{"line":139,"column":6},"end":{"line":139,"column":31}},{"start":{"line":139,"column":35},"end":{"line":139,"column":60}},{"start":{"line":139,"column":64},"end":{"line":139,"column":90}}],"line":139},"25":{"loc":{"start":{"line":145,"column":2},"end":{"line":149,"column":3}},"type":"if","locations":[{"start":{"line":145,"column":2},"end":{"line":149,"column":3}},{"start":{},"end":{}}],"line":145},"26":{"loc":{"start":{"line":146,"column":21},"end":{"line":146,"column":53}},"type":"binary-expr","locations":[{"start":{"line":146,"column":21},"end":{"line":146,"column":35}},{"start":{"line":146,"column":39},"end":{"line":146,"column":53}}],"line":146},"27":{"loc":{"start":{"line":151,"column":2},"end":{"line":155,"column":3}},"type":"if","locations":[{"start":{"line":151,"column":2},"end":{"line":155,"column":3}},{"start":{},"end":{}}],"line":151},"28":{"loc":{"start":{"line":151,"column":6},"end":{"line":151,"column":52}},"type":"binary-expr","locations":[{"start":{"line":151,"column":6},"end":{"line":151,"column":27}},{"start":{"line":151,"column":31},"end":{"line":151,"column":52}}],"line":151},"29":{"loc":{"start":{"line":152,"column":21},"end":{"line":152,"column":53}},"type":"binary-expr","locations":[{"start":{"line":152,"column":21},"end":{"line":152,"column":35}},{"start":{"line":152,"column":39},"end":{"line":152,"column":53}}],"line":152},"30":{"loc":{"start":{"line":158,"column":2},"end":{"line":181,"column":3}},"type":"if","locations":[{"start":{"line":158,"column":2},"end":{"line":181,"column":3}},{"start":{},"end":{}}],"line":158},"31":{"loc":{"start":{"line":159,"column":4},"end":{"line":171,"column":5}},"type":"if","locations":[{"start":{"line":159,"column":4},"end":{"line":171,"column":5}},{"start":{},"end":{}}],"line":159},"32":{"loc":{"start":{"line":165,"column":6},"end":{"line":167,"column":7}},"type":"if","locations":[{"start":{"line":165,"column":6},"end":{"line":167,"column":7}},{"start":{},"end":{}}],"line":165},"33":{"loc":{"start":{"line":165,"column":10},"end":{"line":165,"column":53}},"type":"binary-expr","locations":[{"start":{"line":165,"column":10},"end":{"line":165,"column":31}},{"start":{"line":165,"column":35},"end":{"line":165,"column":53}}],"line":165},"34":{"loc":{"start":{"line":169,"column":46},"end":{"line":169,"column":74}},"type":"binary-expr","locations":[{"start":{"line":169,"column":46},"end":{"line":169,"column":67}},{"start":{"line":169,"column":71},"end":{"line":169,"column":74}}],"line":169},"35":{"loc":{"start":{"line":184,"column":2},"end":{"line":192,"column":3}},"type":"if","locations":[{"start":{"line":184,"column":2},"end":{"line":192,"column":3}},{"start":{},"end":{}}],"line":184},"36":{"loc":{"start":{"line":184,"column":6},"end":{"line":184,"column":49}},"type":"binary-expr","locations":[{"start":{"line":184,"column":6},"end":{"line":184,"column":31}},{"start":{"line":184,"column":35},"end":{"line":184,"column":49}}],"line":184},"37":{"loc":{"start":{"line":204,"column":2},"end":{"line":204,"column":59}},"type":"default-arg","locations":[{"start":{"line":204,"column":31},"end":{"line":204,"column":59}}],"line":204},"38":{"loc":{"start":{"line":209,"column":19},"end":{"line":209,"column":29}},"type":"binary-expr","locations":[{"start":{"line":209,"column":19},"end":{"line":209,"column":23}},{"start":{"line":209,"column":27},"end":{"line":209,"column":29}}],"line":209},"39":{"loc":{"start":{"line":314,"column":4},"end":{"line":359,"column":5}},"type":"if","locations":[{"start":{"line":314,"column":4},"end":{"line":359,"column":5}},{"start":{"line":322,"column":9},"end":{"line":359,"column":5}}],"line":314},"40":{"loc":{"start":{"line":316,"column":6},"end":{"line":318,"column":7}},"type":"if","locations":[{"start":{"line":316,"column":6},"end":{"line":318,"column":7}},{"start":{},"end":{}}],"line":316},"41":{"loc":{"start":{"line":322,"column":9},"end":{"line":359,"column":5}},"type":"if","locations":[{"start":{"line":322,"column":9},"end":{"line":359,"column":5}},{"start":{"line":342,"column":11},"end":{"line":359,"column":5}}],"line":322},"42":{"loc":{"start":{"line":322,"column":13},"end":{"line":322,"column":51}},"type":"binary-expr","locations":[{"start":{"line":322,"column":13},"end":{"line":322,"column":30}},{"start":{"line":322,"column":34},"end":{"line":322,"column":51}}],"line":322},"43":{"loc":{"start":{"line":328,"column":8},"end":{"line":332,"column":9}},"type":"if","locations":[{"start":{"line":328,"column":8},"end":{"line":332,"column":9}},{"start":{},"end":{}}],"line":328},"44":{"loc":{"start":{"line":331,"column":26},"end":{"line":331,"column":58}},"type":"cond-expr","locations":[{"start":{"line":331,"column":51},"end":{"line":331,"column":53}},{"start":{"line":331,"column":56},"end":{"line":331,"column":58}}],"line":331},"45":{"loc":{"start":{"line":337,"column":6},"end":{"line":341,"column":7}},"type":"if","locations":[{"start":{"line":337,"column":6},"end":{"line":341,"column":7}},{"start":{"line":339,"column":13},"end":{"line":341,"column":7}}],"line":337},"46":{"loc":{"start":{"line":342,"column":11},"end":{"line":359,"column":5}},"type":"if","locations":[{"start":{"line":342,"column":11},"end":{"line":359,"column":5}},{"start":{"line":356,"column":11},"end":{"line":359,"column":5}}],"line":342},"47":{"loc":{"start":{"line":349,"column":8},"end":{"line":351,"column":9}},"type":"if","locations":[{"start":{"line":349,"column":8},"end":{"line":351,"column":9}},{"start":{},"end":{}}],"line":349}},"s":{"0":1,"1":1,"2":16,"3":1,"4":11,"5":4,"6":7,"7":2,"8":5,"9":3,"10":3,"11":3,"12":2,"13":6,"14":5,"15":1,"16":4,"17":1,"18":3,"19":1,"20":2,"21":1,"22":2,"23":23,"24":8,"25":11,"26":3,"27":0,"28":1,"29":29,"30":18,"31":1,"32":18,"33":7,"34":4,"35":86,"36":1,"37":85,"38":2,"39":83,"40":42,"41":42,"42":41,"43":0,"44":0,"45":0,"46":41,"47":0,"48":0,"49":0,"50":41,"51":16,"52":4,"53":10,"54":4,"55":4,"56":1,"57":4,"58":4,"59":12,"60":23,"61":23,"62":12,"63":25,"64":23,"65":29,"66":29,"67":22,"68":2,"69":5,"70":5,"71":8,"72":5,"73":1,"74":1,"75":1,"76":1,"77":1,"78":1,"79":1,"80":1,"81":1,"82":0,"83":1,"84":1,"85":5,"86":2,"87":2,"88":1,"89":2,"90":3,"91":2,"92":2,"93":2,"94":2,"95":2,"96":2,"97":1,"98":1,"99":2,"100":2,"101":2,"102":0,"103":2,"104":1,"105":0,"106":0,"107":0,"108":0,"109":0,"110":0,"111":0,"112":0,"113":0,"114":1,"115":1},"f":{"0":16,"1":11,"2":6,"3":23,"4":29,"5":86,"6":10,"7":23,"8":29,"9":5,"10":8,"11":1,"12":1,"13":1,"14":1},"b":{"0":[16,15,14,11,8],"1":[4,7],"2":[2,5],"3":[3,2],"4":[5,5],"5":[3,0],"6":[5,1],"7":[6,5],"8":[1,4],"9":[5,1,1],"10":[1,3],"11":[4,1,1],"12":[1,2],"13":[3,1,1],"14":[1,1],"15":[2,1,1],"16":[8,11,3,0,1],"17":[18,7,4],"18":[1,17],"19":[18,1],"20":[15],"21":[1,85],"22":[2,83],"23":[42,41],"24":[83,49,42],"25":[0,41],"26":[0,0],"27":[0,41],"28":[41,41],"29":[0,0],"30":[16,25],"31":[4,12],"32":[1,3],"33":[4,1],"34":[4,0],"35":[23,2],"36":[25,23],"37":[0],"38":[5,0],"39":[2,3],"40":[1,1],"41":[2,1],"42":[3,2],"43":[1,1],"44":[0,1],"45":[0,2],"46":[0,1],"47":[0,0]},"_coverageSchema":"1a1c01bbd47fc00a2c39e90264f33305004495a9","hash":"8f2c4bfcfbb0b44ab56496440b5fca65a30f1762"}
}
