TN:
SF:utils/formDataUtils.ts
FN:38,(anonymous_0)
FN:48,(anonymous_1)
FN:68,getName
FN:89,formatArrayKey
FN:107,formatObjectKey
FN:124,addFormValue
FN:161,(anonymous_6)
FN:175,(anonymous_7)
FN:186,(anonymous_8)
FN:202,createForm
FN:209,(anonymous_10)
FN:220,createFormWithArrayFormat
FN:235,createFormWithObjectFormat
FN:295,checkFormDataSupport
FN:309,parseFormData
FNF:15
FNH:15
FNDA:16,(anonymous_0)
FNDA:11,(anonymous_1)
FNDA:6,getName
FNDA:23,formatArrayKey
FNDA:29,formatObjectKey
FNDA:86,addFormValue
FNDA:10,(anonymous_6)
FNDA:23,(anonymous_7)
FNDA:29,(anonymous_8)
FNDA:5,createForm
FNDA:8,(anonymous_10)
FNDA:1,createFormWithArrayFormat
FNDA:1,createFormWithObjectFormat
FNDA:1,checkFormDataSupport
FNDA:1,parseFormData
DA:27,1
DA:38,1
DA:39,16
DA:48,1
DA:49,11
DA:50,4
DA:52,7
DA:53,2
DA:55,5
DA:56,3
DA:57,3
DA:58,3
DA:62,2
DA:69,6
DA:70,5
DA:71,1
DA:73,4
DA:74,1
DA:76,3
DA:77,1
DA:79,2
DA:80,1
DA:83,2
DA:90,23
DA:92,8
DA:94,11
DA:96,3
DA:98,0
DA:100,1
DA:108,29
DA:110,18
DA:111,1
DA:113,18
DA:115,7
DA:117,4
DA:130,86
DA:131,1
DA:134,85
DA:135,2
DA:139,83
DA:140,42
DA:141,42
DA:145,41
DA:146,0
DA:147,0
DA:148,0
DA:151,41
DA:152,0
DA:153,0
DA:154,0
DA:158,41
DA:159,16
DA:161,10
DA:162,4
DA:165,4
DA:166,1
DA:169,4
DA:170,4
DA:174,12
DA:176,23
DA:177,23
DA:180,12
DA:184,25
DA:185,23
DA:187,29
DA:188,29
DA:191,22
DA:194,2
DA:206,5
DA:208,5
DA:210,8
DA:214,5
DA:224,1
DA:229,1
DA:239,1
DA:244,1
DA:250,1
DA:296,1
DA:297,1
DA:298,1
DA:299,1
DA:301,0
DA:310,1
DA:312,1
DA:314,5
DA:315,2
DA:316,2
DA:317,1
DA:319,2
DA:322,3
DA:323,2
DA:324,2
DA:326,2
DA:327,2
DA:328,2
DA:330,1
DA:331,1
DA:333,2
DA:336,2
DA:337,2
DA:338,0
DA:340,2
DA:342,1
DA:344,0
DA:345,0
DA:347,0
DA:348,0
DA:349,0
DA:350,0
DA:352,0
DA:355,0
DA:358,1
DA:362,1
LF:113
LH:96
BRDA:39,0,0,16
BRDA:39,0,1,15
BRDA:39,0,2,14
BRDA:39,0,3,11
BRDA:39,0,4,8
BRDA:49,1,0,4
BRDA:49,1,1,7
BRDA:52,2,0,2
BRDA:52,2,1,5
BRDA:55,3,0,3
BRDA:55,3,1,2
BRDA:55,4,0,5
BRDA:55,4,1,5
BRDA:57,5,0,3
BRDA:57,5,1,0
BRDA:69,6,0,5
BRDA:69,6,1,1
BRDA:69,7,0,6
BRDA:69,7,1,5
BRDA:70,8,0,1
BRDA:70,8,1,4
BRDA:70,9,0,5
BRDA:70,9,1,1
BRDA:70,9,2,1
BRDA:73,10,0,1
BRDA:73,10,1,3
BRDA:73,11,0,4
BRDA:73,11,1,1
BRDA:73,11,2,1
BRDA:76,12,0,1
BRDA:76,12,1,2
BRDA:76,13,0,3
BRDA:76,13,1,1
BRDA:76,13,2,1
BRDA:79,14,0,1
BRDA:79,14,1,1
BRDA:79,15,0,2
BRDA:79,15,1,1
BRDA:79,15,2,1
BRDA:90,16,0,8
BRDA:90,16,1,11
BRDA:90,16,2,3
BRDA:90,16,3,0
BRDA:90,16,4,1
BRDA:108,17,0,18
BRDA:108,17,1,7
BRDA:108,17,2,4
BRDA:110,18,0,1
BRDA:110,18,1,17
BRDA:110,19,0,18
BRDA:110,19,1,1
BRDA:128,20,0,15
BRDA:130,21,0,1
BRDA:130,21,1,85
BRDA:134,22,0,2
BRDA:134,22,1,83
BRDA:139,23,0,42
BRDA:139,23,1,41
BRDA:139,24,0,83
BRDA:139,24,1,49
BRDA:139,24,2,42
BRDA:145,25,0,0
BRDA:145,25,1,41
BRDA:146,26,0,0
BRDA:146,26,1,0
BRDA:151,27,0,0
BRDA:151,27,1,41
BRDA:151,28,0,41
BRDA:151,28,1,41
BRDA:152,29,0,0
BRDA:152,29,1,0
BRDA:158,30,0,16
BRDA:158,30,1,25
BRDA:159,31,0,4
BRDA:159,31,1,12
BRDA:165,32,0,1
BRDA:165,32,1,3
BRDA:165,33,0,4
BRDA:165,33,1,1
BRDA:169,34,0,4
BRDA:169,34,1,0
BRDA:184,35,0,23
BRDA:184,35,1,2
BRDA:184,36,0,25
BRDA:184,36,1,23
BRDA:204,37,0,0
BRDA:209,38,0,5
BRDA:209,38,1,0
BRDA:314,39,0,2
BRDA:314,39,1,3
BRDA:316,40,0,1
BRDA:316,40,1,1
BRDA:322,41,0,2
BRDA:322,41,1,1
BRDA:322,42,0,3
BRDA:322,42,1,2
BRDA:328,43,0,1
BRDA:328,43,1,1
BRDA:331,44,0,0
BRDA:331,44,1,1
BRDA:337,45,0,0
BRDA:337,45,1,2
BRDA:342,46,0,0
BRDA:342,46,1,1
BRDA:349,47,0,0
BRDA:349,47,1,0
BRF:106
BRH:90
end_of_record
